<?xml version="1.0" encoding="UTF-8"?>
<!-- Generated by org.testng.reporters.JUnitXMLReporter -->
<testsuite hostname="ANKITA-PC" name="Command line test" tests="1" failures="0" timestamp="14 Feb 2020 04:57:20 GMT" time="0.051" errors="0">
  <testcase name="@BeforeTest LaunchBrowser" time="0.0" classname="com.amazon.testfiles.VerifyAmazonTest">
    <failure type="org.testng.TestNGException" message="
Parameter &amp;apos;browser&amp;apos; is required by @Configuration on method LaunchBrowser but has not been marked @Optional or defined
">
      <![CDATA[org.testng.TestNGException: 
Parameter 'browser' is required by @Configuration on method LaunchBrowser but has not been marked @Optional or defined

... Removed 29 stack frames]]>
    </failure>
  </testcase> <!-- @BeforeTest LaunchBrowser -->
  <testcase name="@AfterTest terminateBrowser" time="0.0" classname="com.amazon.testfiles.VerifyAmazonTest">
    <skipped/>
  </testcase> <!-- @AfterTest terminateBrowser -->
  <testcase name="AmazonRun" time="0.019" classname="com.amazon.testfiles.VerifyAmazonTest">
    <skipped/>
  </testcase> <!-- AmazonRun -->
</testsuite> <!-- Command line test -->
