<?xml version="1.0" encoding="UTF-8"?>
<!-- Generated by org.testng.reporters.JUnitXMLReporter -->
<testsuite hostname="ANKITA-PC" name="Default test" tests="1" failures="0" timestamp="14 Feb 2020 04:45:48 GMT" time="0.265" errors="0">
  <testcase name="@BeforeTest LaunchBrowser" time="0.0" classname="com.amazon.testfiles.VerifyAmazonTest">
    <failure type="org.testng.TestNGException" message="
Parameter &amp;apos;browser&amp;apos; is required by @Configuration on method LaunchBrowser but has not been marked @Optional or defined
in C:\Users\ANKITA\AppData\Local\Temp\testng-eclipse--381726411\testng-customsuite.xml">
      <![CDATA[org.testng.TestNGException: 
Parameter 'browser' is required by @Configuration on method LaunchBrowser but has not been marked @Optional or defined
in C:\Users\ANKITA\AppData\Local\Temp\testng-eclipse--381726411\testng-customsuite.xml
	at org.testng.internal.Parameters.createParameters(Parameters.java:156)
	at org.testng.internal.Parameters.createParameters(Parameters.java:370)
	at org.testng.internal.Parameters.createConfigurationParameters(Parameters.java:86)
	at org.testng.internal.Invoker.invokeConfigurations(Invoker.java:202)
	at org.testng.internal.Invoker.invokeConfigurations(Invoker.java:143)
	at org.testng.TestRunner.beforeRun(TestRunner.java:631)
	at org.testng.TestRunner.run(TestRunner.java:599)
	at org.testng.SuiteRunner.runTest(SuiteRunner.java:368)
	at org.testng.SuiteRunner.runSequentially(SuiteRunner.java:363)
	at org.testng.SuiteRunner.privateRun(SuiteRunner.java:321)
	at org.testng.SuiteRunner.run(SuiteRunner.java:270)
	at org.testng.SuiteRunnerWorker.runSuite(SuiteRunnerWorker.java:52)
	at org.testng.SuiteRunnerWorker.run(SuiteRunnerWorker.java:86)
	at org.testng.TestNG.runSuitesSequentially(TestNG.java:1284)
	at org.testng.TestNG.runSuitesLocally(TestNG.java:1209)
	at org.testng.TestNG.runSuites(TestNG.java:1124)
	at org.testng.TestNG.run(TestNG.java:1096)
	at org.testng.remote.AbstractRemoteTestNG.run(AbstractRemoteTestNG.java:132)
	at org.testng.remote.RemoteTestNG.initAndRun(RemoteTestNG.java:236)
	at org.testng.remote.RemoteTestNG.main(RemoteTestNG.java:81)
]]>
    </failure>
  </testcase> <!-- @BeforeTest LaunchBrowser -->
  <testcase name="@AfterTest terminateBrowser" time="0.0" classname="com.amazon.testfiles.VerifyAmazonTest">
    <skipped/>
  </testcase> <!-- @AfterTest terminateBrowser -->
  <testcase name="AmazonRun" time="0.031" classname="com.amazon.testfiles.VerifyAmazonTest">
    <skipped/>
  </testcase> <!-- AmazonRun -->
</testsuite> <!-- Default test -->
